polygon((177.52483344573633, 61.7173076466347),(177.24159834159184, 61.86004599645622),(177.66271383776504, 61.71745139425218))
polygon((186.76214645352974, 57.0620979066569),(177.52483344573633, 61.7173076466347),(177.66271383776504, 61.71745139425218),(192.40677974880498, 56.72493928638619))
polygon((200, 54.15378664297597),(200, 50.390787243703755),(186.76214645352974, 57.0620979066569),(192.40677974880498, 56.72493928638619))
polygon((150.6418233841032, 75.26519220713973),(190.53055308151946, 81.75458229547792),(166.09115846101037, 67.47938966201417))
polygon((190.53055308151946, 81.75458229547792),(200, 83.29514113104324),(200, 61.74073919738156),(177.66271383776504, 61.71745139425218),(177.24159834159184, 61.86004599645622),(166.09115846101037, 67.47938966201417))
polygon((200, 61.74073919738156),(200, 56.271389953845656),(192.40677974880498, 56.72493928638619),(177.66271383776504, 61.71745139425218))
polygon((200, 56.271389953845656),(200, 54.15378664297597),(192.40677974880498, 56.72493928638619))
polygon((0, 0),(0, 14.368282021819802),(26.499940089024, 12.341208624018268),(19.35405786035242, 0))
polygon((26.499940089024, 12.341208624018268),(53.75889212989003, 10.256075738873609),(42.969079185535435, 0),(19.35405786035242, 0))
polygon((55.62628748890573, 2.9562156291228154),(50.56519148841698, 0),(44.95286497670284, 0))
polygon((53.75889212989003, 10.256075738873609),(66.46041367761936, 9.284491789834071),(55.62628748890573, 2.9562156291228154),(44.95286497670284, 0),(42.969079185535435, 0))
polygon((82.49185214649754, 8.058190811809789),(116.39781994810994, 5.46460436872832),(119.15229943319855, 0),(83.39910715399606, 0))
polygon((75.87454647947175, 8.564371740434044),(82.49185214649754, 8.058190811809789),(83.39910715399606, 0),(50.56519148841698, 0),(55.62628748890573, 2.9562156291228154))
polygon((66.46041367761936, 9.284491789834071),(75.87454647947175, 8.564371740434044),(55.62628748890573, 2.9562156291228154))
polygon((116.39781994810994, 5.46460436872832),(126.14557685309235, 4.718964241092326),(133.6528731498635, 0),(119.15229943319855, 0))
polygon((126.14557685309235, 4.718964241092326),(155.35955937993305, 2.484284214456136),(162.619444590172, 0),(133.6528731498635, 0))
polygon((155.35955937993305, 2.484284214456136),(176.01839641441046, 0.9040172839866896),(177.21147592824548, 0),(162.619444590172, 0))
polygon((176.01839641441046, 0.9040172839866896),(187.83661863126326, 0),(177.21147592824548, 0))
polygon((0, 20.83295787084689),(0, 50.75767935893509),(9.68468153490519, 52.3332541350202),(29.351941250540605, 45.60324926053433),(0.500287204731476, 20.89560048640433))
polygon((0, 20.46717026465446),(0, 20.83295787084689),(0.500287204731476, 20.89560048640433))
polygon((0.500287204731476, 20.89560048640433),(29.351941250540605, 45.60324926053433),(43.0461713424856, 40.9171752164797),(33.8727169126317, 25.074272786953284))
polygon((0, 14.368282021819802),(0, 20.46717026465446),(0.500287204731476, 20.89560048640433),(33.8727169126317, 25.074272786953284),(26.499940089024, 12.341208624018268))
polygon((9.68468153490519, 52.3332541350202),(10.335065478848389, 52.4390633485864),(35.33443518120676, 50.72646883738648),(29.351941250540605, 45.60324926053433))
polygon((35.33443518120676, 50.72646883738648),(48.21507885542434, 49.844073804238676),(43.0461713424856, 40.9171752164797),(29.351941250540605, 45.60324926053433))
polygon((10.335065478848389, 52.4390633485864),(42.02648614149898, 57.594855290160375),(42.79252057386924, 57.113338516224744),(35.33443518120676, 50.72646883738648))
polygon((42.79252057386924, 57.113338516224744),(49.854023328535774, 52.67459283864015),(48.21507885542434, 49.844073804238676),(35.33443518120676, 50.72646883738648))
polygon((42.02648614149898, 57.594855290160375),(43.66632374075548, 57.86163605615175),(42.79252057386924, 57.113338516224744))
polygon((43.66632374075548, 57.86163605615175),(53.813304513638656, 59.51242105115176),(49.854023328535774, 52.67459283864015),(42.79252057386924, 57.113338516224744))
polygon((78.50023580475035, 63.528671466927804),(86.47609066013392, 64.82624182921244),(87.39803520978043, 62.997198541392))
polygon((86.47609066013392, 64.82624182921244),(90.74111794498708, 65.52010764040196),(94.64175691122327, 62.56452504661121),(87.39803520978043, 62.997198541392))
polygon((91.96026048245528, 24.17910071592479),(81.37307985670432, 17.99506689574749),(80.22469820970602, 28.194931718434653))
polygon((79.92679899538619, 30.84085672497687),(79.57173417929587, 33.994523571604006),(83.81442228482109, 31.327638895067274))
polygon((93.63273874293813, 25.156005001583313),(91.96026048245528, 24.17910071592479),(80.22469820970602, 28.194931718434653),(79.92679899538619, 30.84085672497687),(83.81442228482109, 31.327638895067274))
polygon((33.8727169126317, 25.074272786953284),(43.0461713424856, 40.9171752164797),(74.48403087276282, 30.159349726783915))
polygon((53.75889212989003, 10.256075738873609),(26.499940089024, 12.341208624018268),(33.8727169126317, 25.074272786953284),(74.48403087276282, 30.159349726783915),(74.64132704370064, 30.10552402801087))
polygon((81.37307985670432, 17.99506689574749),(66.46041367761936, 9.284491789834071),(53.75889212989003, 10.256075738873609),(74.64132704370064, 30.10552402801087),(80.22469820970602, 28.194931718434653))
polygon((43.0461713424856, 40.9171752164797),(48.21507885542434, 49.844073804238676),(55.10828190692504, 49.37185143018742),(79.06669478274335, 34.311983114755265),(74.73040919313672, 30.19019957116542),(74.48403087276282, 30.159349726783915))
polygon((74.73040919313672, 30.19019957116542),(74.64132704370064, 30.10552402801087),(74.48403087276282, 30.159349726783915))
polygon((79.06669478274335, 34.311983114755265),(79.57173417929587, 33.994523571604006),(79.92679899538619, 30.84085672497687),(74.73040919313672, 30.19019957116542))
polygon((79.92679899538619, 30.84085672497687),(80.22469820970602, 28.194931718434653),(74.64132704370064, 30.10552402801087),(74.73040919313672, 30.19019957116542))
polygon((48.21507885542434, 49.844073804238676),(49.854023328535774, 52.67459283864015),(55.10828190692504, 49.37185143018742))
polygon((76.28708315211483, 63.16861961777296),(78.50023580475035, 63.528671466927804),(87.39803520978043, 62.997198541392),(88.09017349373738, 61.62406727984731),(76.46234596094567, 61.61194465418029))
polygon((79.49062379207493, 34.714941724870485),(78.01712616466614, 47.802469425710754),(92.23457996446757, 46.82849553633486))
polygon((95.66651231641946, 46.59338926850566),(102.20088326791158, 33.62986848660738),(83.81442228482109, 31.327638895067274),(79.57173417929587, 33.994523571604006),(79.49062379207493, 34.714941724870485),(92.23457996446757, 46.82849553633486))
polygon((102.20088326791158, 33.62986848660738),(103.5518007948199, 30.949786874358644),(93.63273874293813, 25.156005001583313),(83.81442228482109, 31.327638895067274))
polygon((88.09017349373738, 61.62406727984731),(94.47470627673758, 48.95781003342721),(92.23457996446757, 46.82849553633486),(78.01712616466614, 47.802469425710754),(76.46234596094567, 61.61194465418029))
polygon((94.47470627673758, 48.95781003342721),(95.66651231641946, 46.59338926850566),(92.23457996446757, 46.82849553633486))
polygon((66.65573027960556, 61.601720738258166),(76.28708315211483, 63.16861961777296),(76.46234596094567, 61.61194465418029))
polygon((78.01712616466614, 47.802469425710754),(79.49062379207493, 34.714941724870485),(79.06669478274335, 34.311983114755265),(55.10828190692504, 49.37185143018742))
polygon((79.49062379207493, 34.714941724870485),(79.57173417929587, 33.994523571604006),(79.06669478274335, 34.311983114755265))
polygon((53.813304513638656, 59.51242105115176),(66.65573027960556, 61.601720738258166),(76.46234596094567, 61.61194465418029),(78.01712616466614, 47.802469425710754),(55.10828190692504, 49.37185143018742),(49.854023328535774, 52.67459283864015))
polygon((87.39803520978043, 62.997198541392),(94.64175691122327, 62.56452504661121),(95.87222144531324, 61.632180476731094),(88.09017349373738, 61.62406727984731))
polygon((117.71293595767102, 45.08308782615836),(122.08139430000854, 41.773030281721994),(109.76073728036616, 34.576462811157185),(102.20088326791158, 33.62986848660738),(95.66651231641946, 46.59338926850566))
polygon((109.76073728036616, 34.576462811157185),(103.5518007948199, 30.949786874358644),(102.20088326791158, 33.62986848660738))
polygon((95.87222144531324, 61.632180476731094),(102.51409510269198, 56.5995162538108),(94.47470627673758, 48.95781003342721),(88.09017349373738, 61.62406727984731))
polygon((102.51409510269198, 56.5995162538108),(117.71293595767102, 45.08308782615836),(95.66651231641946, 46.59338926850566),(94.47470627673758, 48.95781003342721))
polygon((116.39781994810994, 5.46460436872832),(82.49185214649754, 8.058190811809789),(82.23647536034649, 10.326433868818567),(106.52336334962968, 17.05316821992244),(112.4270479236084, 13.342208202629969))
polygon((82.23647536034649, 10.326433868818567),(81.37307985670432, 17.99506689574749),(91.96026048245528, 24.17910071592479),(99.04219087678845, 21.75571145055995),(106.52336334962968, 17.05316821992244))
polygon((91.96026048245528, 24.17910071592479),(93.63273874293813, 25.156005001583313),(99.04219087678845, 21.75571145055995))
polygon((82.49185214649754, 8.058190811809789),(75.87454647947175, 8.564371740434044),(82.23647536034649, 10.326433868818567))
polygon((75.87454647947175, 8.564371740434044),(66.46041367761936, 9.284491789834071),(81.37307985670432, 17.99506689574749),(82.23647536034649, 10.326433868818567))
polygon((126.14557685309235, 4.718964241092326),(116.39781994810994, 5.46460436872832),(112.4270479236084, 13.342208202629969))
polygon((112.4270479236084, 13.342208202629969),(106.52336334962968, 17.05316821992244),(109.98373744281628, 18.011587317943775),(110.09209919059322, 17.97450665183724))
polygon((106.52336334962968, 17.05316821992244),(99.04219087678845, 21.75571145055995),(109.98373744281628, 18.011587317943775))
polygon((110.06242314388341, 18.03338088029826),(110.09209919059322, 17.97450665183724),(109.98373744281628, 18.011587317943775))
polygon((99.04219087678845, 21.75571145055995),(93.63273874293813, 25.156005001583313),(103.5518007948199, 30.949786874358644),(110.06242314388341, 18.03338088029826),(109.98373744281628, 18.011587317943775))
polygon((155.35955937993305, 2.484284214456136),(126.14557685309235, 4.718964241092326),(112.4270479236084, 13.342208202629969),(110.09209919059322, 17.97450665183724))
polygon((141.80789197740827, 26.825916827632213),(176.01839641441046, 0.9040172839866896),(155.35955937993305, 2.484284214456136),(110.09209919059322, 17.97450665183724),(110.06242314388341, 18.03338088029826))
polygon((122.08139430000854, 41.773030281721994),(128.484905084206, 36.92097779064325),(109.76073728036616, 34.576462811157185))
polygon((128.484905084206, 36.92097779064325),(141.80789197740827, 26.825916827632213),(110.06242314388341, 18.03338088029826),(103.5518007948199, 30.949786874358644),(109.76073728036616, 34.576462811157185))
polygon((90.74111794498708, 65.52010764040196),(116.26793335955325, 69.67299654397755),(107.95305680426175, 61.76943008268898),(94.64175691122327, 62.56452504661121))
polygon((116.26793335955325, 69.67299654397755),(141.86830939226104, 73.83785282655663),(164.09306563567526, 66.31229201396165),(156.18828418731374, 61.695063164682026),(110.00419652705384, 61.646913808771515),(107.95305680426175, 61.76943008268898))
polygon((156.18828418731374, 61.695063164682026),(151.82885053298844, 59.14869259558252),(110.00419652705384, 61.646913808771515))
polygon((95.87222144531324, 61.632180476731094),(94.64175691122327, 62.56452504661121),(107.95305680426175, 61.76943008268898),(107.82177094883343, 61.64463851458855))
polygon((107.95305680426175, 61.76943008268898),(110.00419652705384, 61.646913808771515),(107.82177094883343, 61.64463851458855))
polygon((126.69485097969513, 44.46777717833183),(122.08139430000854, 41.773030281721994),(117.71293595767102, 45.08308782615836))
polygon((102.51409510269198, 56.5995162538108),(95.87222144531324, 61.632180476731094),(107.82177094883343, 61.64463851458855))
polygon((151.82885053298844, 59.14869259558252),(126.69485097969513, 44.46777717833183),(117.71293595767102, 45.08308782615836),(102.51409510269198, 56.5995162538108),(107.82177094883343, 61.64463851458855),(110.00419652705384, 61.646913808771515))
polygon((164.09306563567526, 66.31229201396165),(177.24159834159184, 61.86004599645622),(177.52483344573633, 61.7173076466347),(156.18828418731374, 61.695063164682026))
polygon((177.52483344573633, 61.7173076466347),(186.76214645352974, 57.0620979066569),(151.82885053298844, 59.14869259558252),(156.18828418731374, 61.695063164682026))
polygon((200, 39.445970734801165),(200, 0),(187.83661863126326, 0),(176.01839641441046, 0.9040172839866896),(141.80789197740827, 26.825916827632213),(189.87654913703653, 40.139482874859894))
polygon((128.484905084206, 36.92097779064325),(122.08139430000854, 41.773030281721994),(126.69485097969513, 44.46777717833183),(166.8093746073838, 41.71971137497481))
polygon((141.80789197740827, 26.825916827632213),(128.484905084206, 36.92097779064325),(166.8093746073838, 41.71971137497481),(189.87654913703653, 40.139482874859894))
polygon((200, 42.943372969853655),(200, 39.445970734801165),(189.87654913703653, 40.139482874859894))
polygon((186.76214645352974, 57.0620979066569),(200, 50.390787243703755),(200, 45.87561935589225),(166.8093746073838, 41.71971137497481),(126.69485097969513, 44.46777717833183),(151.82885053298844, 59.14869259558252))
polygon((200, 45.87561935589225),(200, 42.943372969853655),(189.87654913703653, 40.139482874859894),(166.8093746073838, 41.71971137497481))
polygon((141.86830939226104, 73.83785282655663),(150.6418233841032, 75.26519220713973),(166.09115846101037, 67.47938966201417),(164.09306563567526, 66.31229201396165))
polygon((166.09115846101037, 67.47938966201417),(177.24159834159184, 61.86004599645622),(164.09306563567526, 66.31229201396165))
polygon((101.56064884358784, 100),(148.17318667327578, 100),(136.69465980406252, 89.08927879025434),(125.52293194463059, 87.92403661218142))
polygon((148.17318667327578, 100),(200, 100),(200, 95.69220122281993),(136.69465980406252, 89.08927879025434))
polygon((132.02270441002713, 84.64842994355539),(125.52293194463059, 87.92403661218142),(136.69465980406252, 89.08927879025434))
polygon((200, 95.69220122281993),(200, 87.2857413520879),(190.53055308151946, 81.75458229547792),(150.6418233841032, 75.26519220713973),(132.02270441002713, 84.64842994355539),(136.69465980406252, 89.08927879025434))
polygon((200, 87.2857413520879),(200, 83.29514113104324),(190.53055308151946, 81.75458229547792))
polygon((0, 74.83164692478854),(0, 84.01202033075786),(12.160659555089433, 76.36802769745285),(11.787404300283583, 76.0611058619825))
polygon((12.160659555089433, 76.36802769745285),(12.526323652676648, 76.13817719834476),(11.787404300283583, 76.0611058619825))
polygon((0, 84.01202033075786),(0, 100),(40.90008707174853, 100),(12.160659555089433, 76.36802769745285))
polygon((40.90008707174853, 100),(45.236176898183146, 100),(67.49213170953533, 83.13627248816313),(66.7125779555975, 81.78995369880687),(12.526323652676648, 76.13817719834476),(12.160659555089433, 76.36802769745285))
polygon((0, 68.21755554711372),(0, 74.83164692478854),(11.787404300283583, 76.0611058619825),(2.096386458670123, 68.0923366481993))
polygon((11.787404300283583, 76.0611058619825),(12.526323652676648, 76.13817719834476),(27.76546445710043, 66.55910136621348),(2.096386458670123, 68.0923366481993))
polygon((12.526323652676648, 76.13817719834476),(66.7125779555975, 81.78995369880687),(61.897625967759055, 73.47434967749435),(52.123587344842996, 65.10417051841596),(27.76546445710043, 66.55910136621348))
polygon((61.897625967759055, 73.47434967749435),(56.8863500207503, 64.81968676037557),(52.123587344842996, 65.10417051841596))
polygon((0, 66.36851154070877),(0, 68.21755554711372),(2.096386458670123, 68.0923366481993))
polygon((0, 61.53222861134435),(0, 66.36851154070877),(2.096386458670123, 68.0923366481993),(27.76546445710043, 66.55910136621348),(35.70338889776339, 61.56945128405529))
polygon((0, 50.75767935893509),(0, 53.14707225532074),(9.135281489981361, 52.52125515976001),(9.68468153490519, 52.3332541350202))
polygon((0, 53.14707225532074),(0, 55.64728745129597),(9.135281489981361, 52.52125515976001))
polygon((10.335065478848389, 52.4390633485864),(9.68468153490519, 52.3332541350202),(9.135281489981361, 52.52125515976001))
polygon((0, 55.64728745129597),(0, 61.53222861134435),(35.70338889776339, 61.56945128405529),(42.02648614149898, 57.594855290160375),(10.335065478848389, 52.4390633485864),(9.135281489981361, 52.52125515976001))
polygon((27.76546445710043, 66.55910136621348),(52.123587344842996, 65.10417051841596),(48.01100293539824, 61.58228262313303),(35.70338889776339, 61.56945128405529))
polygon((52.123587344842996, 65.10417051841596),(56.8863500207503, 64.81968676037557),(55.016037139189436, 61.58958574206778),(48.01100293539824, 61.58228262313303))
polygon((43.66632374075548, 57.86163605615175),(42.02648614149898, 57.594855290160375),(35.70338889776339, 61.56945128405529),(48.01100293539824, 61.58228262313303))
polygon((55.016037139189436, 61.58958574206778),(53.813304513638656, 59.51242105115176),(43.66632374075548, 57.86163605615175),(48.01100293539824, 61.58228262313303))
polygon((67.49213170953533, 83.13627248816313),(68.95962515886407, 82.02432694978242),(66.7125779555975, 81.78995369880687))
polygon((74.64956613577067, 77.71295882352956),(83.27464170911426, 71.17758770731596),(86.47609066013392, 64.82624182921244),(78.50023580475035, 63.528671466927804),(76.2312870477175, 63.66419765479853))
polygon((68.95962515886407, 82.02432694978242),(70.5099162970027, 80.84964414964256),(61.897625967759055, 73.47434967749435),(66.7125779555975, 81.78995369880687))
polygon((70.5099162970027, 80.84964414964256),(74.64956613577067, 77.71295882352956),(76.2312870477175, 63.66419765479853),(56.8863500207503, 64.81968676037557),(61.897625967759055, 73.47434967749435))
polygon((83.27464170911426, 71.17758770731596),(90.74111794498708, 65.52010764040196),(86.47609066013392, 64.82624182921244))
polygon((78.50023580475035, 63.528671466927804),(76.28708315211483, 63.16861961777296),(76.2312870477175, 63.66419765479853))
polygon((76.28708315211483, 63.16861961777296),(66.65573027960556, 61.601720738258166),(55.016037139189436, 61.58958574206778),(56.8863500207503, 64.81968676037557),(76.2312870477175, 63.66419765479853))
polygon((66.65573027960556, 61.601720738258166),(53.813304513638656, 59.51242105115176),(55.016037139189436, 61.58958574206778))
polygon((45.236176898183146, 100),(64.6053175421473, 100),(69.59874173278001, 98.30916852368081),(72.70704212271599, 92.14261982291038),(67.49213170953533, 83.13627248816313))
polygon((72.43896088499775, 97.34743730300397),(75.18279721978121, 96.41834242469915),(72.97320653327927, 92.60229581727117))
polygon((69.59874173278001, 98.30916852368081),(72.43896088499775, 97.34743730300397),(72.97320653327927, 92.60229581727117),(72.70704212271599, 92.14261982291038))
polygon((73.96343605109548, 83.80712980999562),(73.11639466601008, 91.33050642415648),(76.02061445587967, 85.568832671503))
polygon((77.36532516090911, 82.9010647563108),(74.1037494811273, 82.56087337348457),(73.96343605109548, 83.80712980999562),(76.02061445587967, 85.568832671503))
polygon((72.2868652331251, 82.37136731094105),(68.95962515886407, 82.02432694978242),(67.49213170953533, 83.13627248816313),(72.70704212271599, 92.14261982291038),(73.11639466601008, 91.33050642415648),(73.96343605109548, 83.80712980999562))
polygon((74.1037494811273, 82.56087337348457),(72.2868652331251, 82.37136731094105),(73.96343605109548, 83.80712980999562))
polygon((75.18279721978121, 96.41834242469915),(84.86244751458486, 93.14070031511852),(76.02061445587967, 85.568832671503),(73.11639466601008, 91.33050642415648),(72.97320653327927, 92.60229581727117))
polygon((84.86244751458486, 93.14070031511852),(106.21570450438952, 85.91023928037922),(77.36532516090911, 82.9010647563108),(76.02061445587967, 85.568832671503))
polygon((73.11639466601008, 91.33050642415648),(72.70704212271599, 92.14261982291038),(72.97320653327927, 92.60229581727117))
polygon((83.27464170911426, 71.17758770731596),(74.64956613577067, 77.71295882352956),(74.1037494811273, 82.56087337348457),(77.36532516090911, 82.9010647563108))
polygon((70.5099162970027, 80.84964414964256),(68.95962515886407, 82.02432694978242),(72.2868652331251, 82.37136731094105))
polygon((74.64956613577067, 77.71295882352956),(70.5099162970027, 80.84964414964256),(72.2868652331251, 82.37136731094105),(74.1037494811273, 82.56087337348457))
polygon((106.21570450438952, 85.91023928037922),(126.22293660169042, 79.13555792092245),(116.26793335955325, 69.67299654397755),(90.74111794498708, 65.52010764040196),(83.27464170911426, 71.17758770731596),(77.36532516090911, 82.9010647563108))
polygon((126.22293660169042, 79.13555792092245),(141.86830939226104, 73.83785282655663),(116.26793335955325, 69.67299654397755))
polygon((64.6053175421473, 100),(68.74646400139058, 100),(69.59874173278001, 98.30916852368081))
polygon((72.14031434687311, 100),(77.25667053286595, 100),(75.18279721978121, 96.41834242469915),(72.43896088499775, 97.34743730300397))
polygon((68.74646400139058, 100),(72.14031434687311, 100),(72.43896088499775, 97.34743730300397),(69.59874173278001, 98.30916852368081))
polygon((77.25667053286595, 100),(92.87219960853794, 100),(84.86244751458486, 93.14070031511852),(75.18279721978121, 96.41834242469915))
polygon((92.87219960853794, 100),(101.56064884358784, 100),(125.52293194463059, 87.92403661218142),(106.21570450438952, 85.91023928037922),(84.86244751458486, 93.14070031511852))
polygon((125.52293194463059, 87.92403661218142),(132.02270441002713, 84.64842994355539),(126.22293660169042, 79.13555792092245),(106.21570450438952, 85.91023928037922))
polygon((132.02270441002713, 84.64842994355539),(150.6418233841032, 75.26519220713973),(141.86830939226104, 73.83785282655663),(126.22293660169042, 79.13555792092245))
141
